Flow report for DE10_LITE_D8M_VIP
Tue May 18 18:16:56 2021
Quartus Prime Version 16.0.2 Build 222 07/20/2016 SJ Standard Edition


---------------------
; Table of Contents ;
---------------------
  1. Legal Notice
  2. Flow Summary
  3. Flow Settings
  4. Flow Non-Default Global Settings
  5. Flow Elapsed Time
  6. Flow OS Summary
  7. Flow Log
  8. Flow Messages
  9. Flow Suppressed Messages



----------------
; Legal Notice ;
----------------
Copyright (C) 1991-2016 Altera Corporation. All rights reserved.
Your use of Altera Corporation's design tools, logic functions 
and other software and tools, and its AMPP partner logic 
functions, and any output files from any of the foregoing 
(including device programming or simulation files), and any 
associated documentation or information are expressly subject 
to the terms and conditions of the Altera Program License 
Subscription Agreement, the Altera Quartus Prime License Agreement,
the Altera MegaCore Function License Agreement, or other 
applicable license agreement, including, without limitation, 
that your use is for the sole purpose of programming logic 
devices manufactured by Altera and sold by Altera or its 
authorized distributors.  Please refer to the applicable 
agreement for further details.



+--------------------------------------------------------------------------------------+
; Flow Summary                                                                         ;
+------------------------------------+-------------------------------------------------+
; Flow Status                        ; Successful - Tue May 18 18:16:45 2021           ;
; Quartus Prime Version              ; 16.0.2 Build 222 07/20/2016 SJ Standard Edition ;
; Revision Name                      ; DE10_LITE_D8M_VIP                               ;
; Top-level Entity Name              ; DE10_LITE_D8M_VIP                               ;
; Family                             ; MAX 10                                          ;
; Device                             ; 10M50DAF484C7G                                  ;
; Timing Models                      ; Final                                           ;
; Total logic elements               ; 10,020 / 49,760 ( 20 % )                        ;
;     Total combinational functions  ; 8,475 / 49,760 ( 17 % )                         ;
;     Dedicated logic registers      ; 6,442 / 49,760 ( 13 % )                         ;
; Total registers                    ; 6509                                            ;
; Total pins                         ; 171 / 360 ( 48 % )                              ;
; Total virtual pins                 ; 0                                               ;
; Total memory bits                  ; 1,093,048 / 1,677,312 ( 65 % )                  ;
; Embedded Multiplier 9-bit elements ; 6 / 288 ( 2 % )                                 ;
; Total PLLs                         ; 1 / 4 ( 25 % )                                  ;
; UFM blocks                         ; 0 / 1 ( 0 % )                                   ;
; ADC blocks                         ; 0 / 2 ( 0 % )                                   ;
+------------------------------------+-------------------------------------------------+


+-----------------------------------------+
; Flow Settings                           ;
+-------------------+---------------------+
; Option            ; Setting             ;
+-------------------+---------------------+
; Start date & time ; 05/18/2021 18:13:26 ;
; Main task         ; Compilation         ;
; Revision Name     ; DE10_LITE_D8M_VIP   ;
+-------------------+---------------------+


+------------------------------------------------------------------------------------------------------------------------+
; Flow Non-Default Global Settings                                                                                       ;
+-------------------------------------+---------------------------------------+---------------+-------------+------------+
; Assignment Name                     ; Value                                 ; Default Value ; Entity Name ; Section Id ;
+-------------------------------------+---------------------------------------+---------------+-------------+------------+
; COMPILER_SIGNATURE_ID               ; 22095314655755.162135800622037        ; --            ; --          ; --         ;
; ENABLE_SIGNALTAP                    ; Off                                   ; --            ; --          ; --         ;
; FITTER_EFFORT                       ; Standard Fit                          ; Auto Fit      ; --          ; --         ;
; MAX_CORE_JUNCTION_TEMP              ; 85                                    ; --            ; --          ; --         ;
; MIN_CORE_JUNCTION_TEMP              ; 0                                     ; --            ; --          ; --         ;
; MISC_FILE                           ; ip/EEE_IMGPROC/MSG_FIFO_inst.v        ; --            ; --          ; --         ;
; MISC_FILE                           ; ip/EEE_IMGPROC/MSG_FIFO_bb.v          ; --            ; --          ; --         ;
; PARTITION_COLOR                     ; 16764057                              ; --            ; --          ; Top        ;
; PARTITION_FITTER_PRESERVATION_LEVEL ; PLACEMENT_AND_ROUTING                 ; --            ; --          ; Top        ;
; PARTITION_NETLIST_TYPE              ; SOURCE                                ; --            ; --          ; Top        ;
; POWER_BOARD_THERMAL_MODEL           ; None (CONSERVATIVE)                   ; --            ; --          ; --         ;
; POWER_PRESET_COOLING_SOLUTION       ; 23 MM HEAT SINK WITH 200 LFPM AIRFLOW ; --            ; --          ; --         ;
; PROJECT_OUTPUT_DIRECTORY            ; output_files                          ; --            ; --          ; --         ;
; USE_SIGNALTAP_FILE                  ; stp1.stp                              ; --            ; --          ; --         ;
+-------------------------------------+---------------------------------------+---------------+-------------+------------+


+-------------------------------------------------------------------------------------------------------------------------------+
; Flow Elapsed Time                                                                                                             ;
+---------------------------+--------------+-------------------------+---------------------+------------------------------------+
; Module Name               ; Elapsed Time ; Average Processors Used ; Peak Virtual Memory ; Total CPU Time (on all processors) ;
+---------------------------+--------------+-------------------------+---------------------+------------------------------------+
; Analysis & Synthesis      ; 00:01:49     ; 1.0                     ; 1763 MB             ; 00:03:28                           ;
; Fitter                    ; 00:01:14     ; 1.7                     ; 2187 MB             ; 00:03:18                           ;
; Assembler                 ; 00:00:04     ; 1.0                     ; 1236 MB             ; 00:00:04                           ;
; TimeQuest Timing Analyzer ; 00:00:09     ; 2.9                     ; 1573 MB             ; 00:00:23                           ;
; Total                     ; 00:03:16     ; --                      ; --                  ; 00:07:13                           ;
+---------------------------+--------------+-------------------------+---------------------+------------------------------------+


+-----------------------------------------------------------------------------------------------------+
; Flow OS Summary                                                                                     ;
+---------------------------+----------------------+----------------+----------------+----------------+
; Module Name               ; Machine Hostname     ; OS Name        ; OS Version     ; Processor type ;
+---------------------------+----------------------+----------------+----------------+----------------+
; Analysis & Synthesis      ; ee-mill2.ee.ic.ac.uk ; CentOS release ; CentOS release ; x86_64         ;
; Fitter                    ; ee-mill2.ee.ic.ac.uk ; CentOS release ; CentOS release ; x86_64         ;
; Assembler                 ; ee-mill2.ee.ic.ac.uk ; CentOS release ; CentOS release ; x86_64         ;
; TimeQuest Timing Analyzer ; ee-mill2.ee.ic.ac.uk ; CentOS release ; CentOS release ; x86_64         ;
+---------------------------+----------------------+----------------+----------------+----------------+


------------
; Flow Log ;
------------
quartus_map --read_settings_files=on --write_settings_files=off DE10_LITE_D8M_VIP -c DE10_LITE_D8M_VIP
quartus_fit --read_settings_files=off --write_settings_files=off DE10_LITE_D8M_VIP -c DE10_LITE_D8M_VIP
quartus_asm --read_settings_files=off --write_settings_files=off DE10_LITE_D8M_VIP -c DE10_LITE_D8M_VIP
quartus_sta DE10_LITE_D8M_VIP -c DE10_LITE_D8M_VIP



